mktextfm ecrm0800
mktextfm pplr8t
mktextfm pplr8t
mktextfm pplr8t
mktextfm pplrc8t
mktextfm pplb8t
mktextfm nullfont
mktextfm pplro8t
mktextfm pplb8t
mktextfm nullfont
mktextfm pplri8t
mktextfm pplrc8t
mktextfm ecrm0800
mktextfm pplr8t
mktextfm pplr8t
mktextfm pplr8t
mktextfm pplrc8t
mktextfm pplb8t
mktextfm nullfont
mktextfm pplro8t
mktextfm pplb8t
mktextfm nullfont
mktextfm pplri8t
mktextfm pplrc8t
mktextfm ecrm0800
mktextfm pplr8t
mktextfm pplr8t
mktextfm pplr8t
mktextfm pplrc8t
mktextfm pplb8t
mktextfm nullfont
mktextfm pplro8t
mktextfm pplb8t
mktextfm nullfont
mktextfm pplri8t
mktextfm pplrc8t
mktextfm ecrm0800
mktextfm pplr8t
mktextfm pplr8t
mktextfm pplr8t
mktextfm pplrc8t
mktextfm pplb8t
mktextfm nullfont
mktextfm pplro8t
mktextfm pplb8t
mktextfm nullfont
mktextfm pplri8t
mktextfm pplrc8t
